<?xml version="1.0" encoding="UTF-8"?>
<!-- Generated by org.testng.reporters.JUnitReportReporter -->
<testsuite hostname="lavuu" failures="0" tests="2" name="TestNG_Ex.example.NewTest4" time="16.598" errors="0" timestamp="2022-03-03T12:09:26 IST" skipped="0">
  <testcase classname="TestNG_Ex.example.NewTest4" name="test" time="9.726"/>
  <system-out/>
  <testcase classname="TestNG_Ex.example.NewTest4" name="test" time="6.872"/>
  <system-out/>
</testsuite> <!-- TestNG_Ex.example.NewTest4 -->
