<?xml version="1.0" encoding="UTF-8"?>
<!-- Generated by org.testng.reporters.JUnitReportReporter -->
<testsuite hostname="lavuu" failures="0" tests="7" name="TestNG_Ex.example.NewTest2" time="0.027" errors="0" timestamp="2022-03-03T11:02:40 IST" skipped="0">
  <testcase classname="TestNG_Ex.example.NewTest2" name="signUp" time="0.014"/>
  <system-out/>
  <testcase classname="TestNG_Ex.example.NewTest2" name="signIn" time="0.002"/>
  <system-out/>
  <testcase classname="TestNG_Ex.example.NewTest2" name="searchForTicket" time="0.003"/>
  <system-out/>
  <testcase classname="TestNG_Ex.example.NewTest2" name="bookTicket" time="0.001"/>
  <system-out/>
  <testcase classname="TestNG_Ex.example.NewTest2" name="saveTicket" time="0.004"/>
  <system-out/>
  <testcase classname="TestNG_Ex.example.NewTest2" name="payTicket" time="0.002"/>
  <system-out/>
  <testcase classname="TestNG_Ex.example.NewTest2" name="logOut" time="0.001"/>
  <system-out/>
</testsuite> <!-- TestNG_Ex.example.NewTest2 -->
