<?xml version="1.0" encoding="UTF-8"?>
<!-- Generated by org.testng.reporters.JUnitReportReporter -->
<testsuite hostname="lavuu" failures="0" tests="2" name="TestNG_Ex.example.FirstTest" time="79.051" errors="0" timestamp="2022-03-12T18:57:41 IST" skipped="0">
  <testcase classname="TestNG_Ex.example.FirstTest" name="test2" time="53.940"/>
  <system-out/>
  <testcase classname="TestNG_Ex.example.FirstTest" name="test1" time="25.111"/>
  <system-out/>
</testsuite> <!-- TestNG_Ex.example.FirstTest -->
