<?xml version="1.0" encoding="UTF-8"?>
<!-- Generated by org.testng.reporters.JUnitReportReporter -->
<testsuite hostname="lavuu" failures="0" tests="1" name="TestNG_Ex.example.NewTest1" time="0.006" errors="0" timestamp="2022-03-03T10:58:48 IST" skipped="0">
  <testcase classname="TestNG_Ex.example.NewTest1" name="f" time="0.006"/>
  <system-out/>
</testsuite> <!-- TestNG_Ex.example.NewTest1 -->
