<?xml version="1.0" encoding="UTF-8"?>
<!-- Generated by org.testng.reporters.JUnitReportReporter -->
<testsuite hostname="lavuu" failures="0" tests="2" name="TestNG_Ex.example.NewTest3" time="0.003" errors="0" timestamp="2022-03-03T10:48:01 IST" skipped="0">
  <testcase classname="TestNG_Ex.example.NewTest3" name="test5" time="0.002"/>
  <system-out/>
  <testcase classname="TestNG_Ex.example.NewTest3" name="test4" time="0.001"/>
  <system-out/>
</testsuite> <!-- TestNG_Ex.example.NewTest3 -->
